2024-12-24T18:04:57.483+07:00  INFO 14316 --- [main] com.example.demo.DemoApplication         : Starting DemoApplication using Java 23 with PID 14316 (D:\DACN\Dreamcatcher\DreamCatchers\BE\target\classes started by sheam in D:\DACN\Dreamcatcher\DreamCatchers\BE)
2024-12-24T18:04:57.497+07:00 DEBUG 14316 --- [main] com.example.demo.DemoApplication         : Running with Spring Boot v3.2.3, Spring v6.1.4
2024-12-24T18:04:57.498+07:00  INFO 14316 --- [main] com.example.demo.DemoApplication         : No active profile set, falling back to 1 default profile: "default"
2024-12-24T18:04:59.078+07:00  INFO 14316 --- [main] .s.d.r.c.RepositoryConfigurationDelegate : Bootstrapping Spring Data JPA repositories in DEFAULT mode.
2024-12-24T18:04:59.268+07:00  INFO 14316 --- [main] .s.d.r.c.RepositoryConfigurationDelegate : Finished Spring Data repository scanning in 176 ms. Found 32 JPA repository interfaces.
2024-12-24T18:04:59.896+07:00  WARN 14316 --- [main] trationDelegate$BeanPostProcessorChecker : Bean 'methodSecurityConfig' of type [com.example.demo.config.MethodSecurityConfig$$SpringCGLIB$$0] is not eligible for getting processed by all BeanPostProcessors (for example: not eligible for auto-proxying). Is this bean getting eagerly injected into a currently created BeanPostProcessor [projectingArgumentResolverBeanPostProcessor]? Check the corresponding BeanPostProcessor declaration and its dependencies.
2024-12-24T18:05:00.413+07:00  INFO 14316 --- [main] o.s.b.w.embedded.tomcat.TomcatWebServer  : Tomcat initialized with port 8080 (http)
2024-12-24T18:05:00.435+07:00  INFO 14316 --- [main] o.apache.catalina.core.StandardService   : Starting service [Tomcat]
2024-12-24T18:05:00.435+07:00  INFO 14316 --- [main] o.apache.catalina.core.StandardEngine    : Starting Servlet engine: [Apache Tomcat/10.1.19]
2024-12-24T18:05:00.545+07:00  INFO 14316 --- [main] o.a.c.c.C.[Tomcat].[localhost].[/]       : Initializing Spring embedded WebApplicationContext
2024-12-24T18:05:00.546+07:00  INFO 14316 --- [main] w.s.c.ServletWebServerApplicationContext : Root WebApplicationContext: initialization completed in 2969 ms
2024-12-24T18:05:00.818+07:00  INFO 14316 --- [main] o.hibernate.jpa.internal.util.LogHelper  : HHH000204: Processing PersistenceUnitInfo [name: default]
2024-12-24T18:05:00.946+07:00  INFO 14316 --- [main] org.hibernate.Version                    : HHH000412: Hibernate ORM core version 6.4.4.Final
2024-12-24T18:05:00.999+07:00  INFO 14316 --- [main] o.h.c.internal.RegionFactoryInitiator    : HHH000026: Second-level cache disabled
2024-12-24T18:05:01.342+07:00  INFO 14316 --- [main] o.s.o.j.p.SpringPersistenceUnitInfo      : No LoadTimeWeaver setup: ignoring JPA class transformer
2024-12-24T18:05:01.385+07:00  INFO 14316 --- [main] com.zaxxer.hikari.HikariDataSource       : HikariPool-1 - Starting...
2024-12-24T18:05:02.007+07:00  INFO 14316 --- [main] com.zaxxer.hikari.pool.HikariPool        : HikariPool-1 - Added connection com.mysql.cj.jdbc.ConnectionImpl@6906be0f
2024-12-24T18:05:02.009+07:00  INFO 14316 --- [main] com.zaxxer.hikari.HikariDataSource       : HikariPool-1 - Start completed.
2024-12-24T18:05:02.085+07:00  WARN 14316 --- [main] org.hibernate.orm.deprecation            : HHH90000025: MySQL8Dialect does not need to be specified explicitly using 'hibernate.dialect' (remove the property setting and it will be selected by default)
2024-12-24T18:05:02.086+07:00  WARN 14316 --- [main] org.hibernate.orm.deprecation            : HHH90000026: MySQL8Dialect has been deprecated; use org.hibernate.dialect.MySQLDialect instead
2024-12-24T18:05:04.258+07:00  INFO 14316 --- [main] o.h.e.t.j.p.i.JtaPlatformInitiator       : HHH000489: No JTA platform available (set 'hibernate.transaction.jta.platform' to enable JTA platform integration)
2024-12-24T18:05:04.747+07:00  INFO 14316 --- [main] j.LocalContainerEntityManagerFactoryBean : Initialized JPA EntityManagerFactory for persistence unit 'default'
2024-12-24T18:05:05.084+07:00  INFO 14316 --- [main] o.s.d.j.r.query.QueryEnhancerFactory     : Hibernate is in classpath; If applicable, HQL parser will be used.
2024-12-24T18:05:05.766+07:00 DEBUG 14316 --- [main] com.example.demo.jwt.JwtFilter           : Filter 'jwtFilter' configured for use
2024-12-24T18:05:07.869+07:00  INFO 14316 --- [main] c.e.demo.service.SpeechToTextService     : SpeechClient initialized with provided credentials.
2024-12-24T18:05:07.985+07:00  WARN 14316 --- [main] JpaBaseConfiguration$JpaWebConfiguration : spring.jpa.open-in-view is enabled by default. Therefore, database queries may be performed during view rendering. Explicitly configure spring.jpa.open-in-view to disable this warning
2024-12-24T18:05:08.437+07:00  INFO 14316 --- [main] o.s.s.web.DefaultSecurityFilterChain     : Will secure any request with [org.springframework.security.web.session.DisableEncodeUrlFilter@3f727390, org.springframework.security.web.context.request.async.WebAsyncManagerIntegrationFilter@12d84621, org.springframework.security.web.context.SecurityContextHolderFilter@4a670227, org.springframework.security.web.header.HeaderWriterFilter@2a0de98e, org.springframework.web.filter.CorsFilter@23e585e4, org.springframework.security.web.authentication.logout.LogoutFilter@1e3d7df9, com.example.demo.jwt.JwtFilter@250284ae, org.springframework.security.web.savedrequest.RequestCacheAwareFilter@60f11c71, org.springframework.security.web.servletapi.SecurityContextHolderAwareRequestFilter@7d4f6072, org.springframework.security.web.authentication.AnonymousAuthenticationFilter@7e194d88, org.springframework.security.web.session.SessionManagementFilter@77e7be90, org.springframework.security.web.access.ExceptionTranslationFilter@6263089d, org.springframework.security.web.access.intercept.AuthorizationFilter@4e2c656a]
2024-12-24T18:05:08.944+07:00  INFO 14316 --- [main] o.s.b.w.embedded.tomcat.TomcatWebServer  : Tomcat started on port 8080 (http) with context path ''
2024-12-24T18:05:08.947+07:00  INFO 14316 --- [main] o.s.m.s.b.SimpleBrokerMessageHandler     : Starting...
2024-12-24T18:05:08.949+07:00  INFO 14316 --- [main] o.s.m.s.b.SimpleBrokerMessageHandler     : BrokerAvailabilityEvent[available=true, SimpleBrokerMessageHandler [org.springframework.messaging.simp.broker.DefaultSubscriptionRegistry@109ef880]]
2024-12-24T18:05:08.950+07:00  INFO 14316 --- [main] o.s.m.s.b.SimpleBrokerMessageHandler     : Started.
2024-12-24T18:05:08.960+07:00  INFO 14316 --- [main] com.example.demo.DemoApplication         : Started DemoApplication in 12.063 seconds (process running for 13.189)
2024-12-24T18:05:51.533+07:00  INFO 14316 --- [SpringApplicationShutdownHook] o.s.m.s.b.SimpleBrokerMessageHandler     : Stopping...
2024-12-24T18:05:51.533+07:00  INFO 14316 --- [SpringApplicationShutdownHook] o.s.m.s.b.SimpleBrokerMessageHandler     : BrokerAvailabilityEvent[available=false, SimpleBrokerMessageHandler [org.springframework.messaging.simp.broker.DefaultSubscriptionRegistry@109ef880]]
2024-12-24T18:05:51.533+07:00  INFO 14316 --- [SpringApplicationShutdownHook] o.s.m.s.b.SimpleBrokerMessageHandler     : Stopped.
2024-12-24T18:05:51.546+07:00  INFO 14316 --- [SpringApplicationShutdownHook] j.LocalContainerEntityManagerFactoryBean : Closing JPA EntityManagerFactory for persistence unit 'default'
2024-12-24T18:05:51.554+07:00  INFO 14316 --- [SpringApplicationShutdownHook] com.zaxxer.hikari.HikariDataSource       : HikariPool-1 - Shutdown initiated...
2024-12-24T18:05:51.569+07:00  INFO 14316 --- [SpringApplicationShutdownHook] com.zaxxer.hikari.HikariDataSource       : HikariPool-1 - Shutdown completed.
2024-12-24T18:05:56.262+07:00  INFO 10244 --- [main] com.example.demo.DemoApplication         : Starting DemoApplication using Java 23 with PID 10244 (D:\DACN\Dreamcatcher\DreamCatchers\BE\target\classes started by sheam in D:\DACN\Dreamcatcher\DreamCatchers\BE)
2024-12-24T18:05:56.265+07:00 DEBUG 10244 --- [main] com.example.demo.DemoApplication         : Running with Spring Boot v3.2.3, Spring v6.1.4
2024-12-24T18:05:56.266+07:00  INFO 10244 --- [main] com.example.demo.DemoApplication         : No active profile set, falling back to 1 default profile: "default"
2024-12-24T18:05:57.395+07:00  INFO 10244 --- [main] .s.d.r.c.RepositoryConfigurationDelegate : Bootstrapping Spring Data JPA repositories in DEFAULT mode.
2024-12-24T18:05:57.554+07:00  INFO 10244 --- [main] .s.d.r.c.RepositoryConfigurationDelegate : Finished Spring Data repository scanning in 150 ms. Found 32 JPA repository interfaces.
2024-12-24T18:05:58.061+07:00  WARN 10244 --- [main] trationDelegate$BeanPostProcessorChecker : Bean 'methodSecurityConfig' of type [com.example.demo.config.MethodSecurityConfig$$SpringCGLIB$$0] is not eligible for getting processed by all BeanPostProcessors (for example: not eligible for auto-proxying). Is this bean getting eagerly injected into a currently created BeanPostProcessor [projectingArgumentResolverBeanPostProcessor]? Check the corresponding BeanPostProcessor declaration and its dependencies.
2024-12-24T18:05:58.451+07:00  INFO 10244 --- [main] o.s.b.w.embedded.tomcat.TomcatWebServer  : Tomcat initialized with port 8080 (http)
2024-12-24T18:05:58.469+07:00  INFO 10244 --- [main] o.apache.catalina.core.StandardService   : Starting service [Tomcat]
2024-12-24T18:05:58.469+07:00  INFO 10244 --- [main] o.apache.catalina.core.StandardEngine    : Starting Servlet engine: [Apache Tomcat/10.1.19]
2024-12-24T18:05:58.564+07:00  INFO 10244 --- [main] o.a.c.c.C.[Tomcat].[localhost].[/]       : Initializing Spring embedded WebApplicationContext
2024-12-24T18:05:58.565+07:00  INFO 10244 --- [main] w.s.c.ServletWebServerApplicationContext : Root WebApplicationContext: initialization completed in 2234 ms
2024-12-24T18:05:58.763+07:00  INFO 10244 --- [main] o.hibernate.jpa.internal.util.LogHelper  : HHH000204: Processing PersistenceUnitInfo [name: default]
2024-12-24T18:05:58.838+07:00  INFO 10244 --- [main] org.hibernate.Version                    : HHH000412: Hibernate ORM core version 6.4.4.Final
2024-12-24T18:05:58.875+07:00  INFO 10244 --- [main] o.h.c.internal.RegionFactoryInitiator    : HHH000026: Second-level cache disabled
2024-12-24T18:05:59.214+07:00  INFO 10244 --- [main] o.s.o.j.p.SpringPersistenceUnitInfo      : No LoadTimeWeaver setup: ignoring JPA class transformer
2024-12-24T18:05:59.247+07:00  INFO 10244 --- [main] com.zaxxer.hikari.HikariDataSource       : HikariPool-1 - Starting...
2024-12-24T18:05:59.830+07:00  INFO 10244 --- [main] com.zaxxer.hikari.pool.HikariPool        : HikariPool-1 - Added connection com.mysql.cj.jdbc.ConnectionImpl@241d1052
2024-12-24T18:05:59.832+07:00  INFO 10244 --- [main] com.zaxxer.hikari.HikariDataSource       : HikariPool-1 - Start completed.
2024-12-24T18:05:59.881+07:00  WARN 10244 --- [main] org.hibernate.orm.deprecation            : HHH90000025: MySQL8Dialect does not need to be specified explicitly using 'hibernate.dialect' (remove the property setting and it will be selected by default)
2024-12-24T18:05:59.882+07:00  WARN 10244 --- [main] org.hibernate.orm.deprecation            : HHH90000026: MySQL8Dialect has been deprecated; use org.hibernate.dialect.MySQLDialect instead
2024-12-24T18:06:01.448+07:00  INFO 10244 --- [main] o.h.e.t.j.p.i.JtaPlatformInitiator       : HHH000489: No JTA platform available (set 'hibernate.transaction.jta.platform' to enable JTA platform integration)
2024-12-24T18:06:01.801+07:00  INFO 10244 --- [main] j.LocalContainerEntityManagerFactoryBean : Initialized JPA EntityManagerFactory for persistence unit 'default'
2024-12-24T18:06:02.111+07:00  INFO 10244 --- [main] o.s.d.j.r.query.QueryEnhancerFactory     : Hibernate is in classpath; If applicable, HQL parser will be used.
2024-12-24T18:06:02.685+07:00 DEBUG 10244 --- [main] com.example.demo.jwt.JwtFilter           : Filter 'jwtFilter' configured for use
2024-12-24T18:06:04.336+07:00  INFO 10244 --- [main] c.e.demo.service.SpeechToTextService     : SpeechClient initialized with provided credentials.
2024-12-24T18:06:04.466+07:00  WARN 10244 --- [main] JpaBaseConfiguration$JpaWebConfiguration : spring.jpa.open-in-view is enabled by default. Therefore, database queries may be performed during view rendering. Explicitly configure spring.jpa.open-in-view to disable this warning
2024-12-24T18:06:04.872+07:00  INFO 10244 --- [main] o.s.s.web.DefaultSecurityFilterChain     : Will secure any request with [org.springframework.security.web.session.DisableEncodeUrlFilter@3c18b48e, org.springframework.security.web.context.request.async.WebAsyncManagerIntegrationFilter@5503a22, org.springframework.security.web.context.SecurityContextHolderFilter@42c3e583, org.springframework.security.web.header.HeaderWriterFilter@4243ed7, org.springframework.web.filter.CorsFilter@59721a17, org.springframework.security.web.authentication.logout.LogoutFilter@6a89d89b, com.example.demo.jwt.JwtFilter@5baa759a, org.springframework.security.web.savedrequest.RequestCacheAwareFilter@5a1dc831, org.springframework.security.web.servletapi.SecurityContextHolderAwareRequestFilter@19781ca8, org.springframework.security.web.authentication.AnonymousAuthenticationFilter@1fa3c4f7, org.springframework.security.web.session.SessionManagementFilter@296a0e92, org.springframework.security.web.access.ExceptionTranslationFilter@7182ecb6, org.springframework.security.web.access.intercept.AuthorizationFilter@27f3c057]
2024-12-24T18:06:05.272+07:00  INFO 10244 --- [main] o.s.b.w.embedded.tomcat.TomcatWebServer  : Tomcat started on port 8080 (http) with context path ''
2024-12-24T18:06:05.274+07:00  INFO 10244 --- [main] o.s.m.s.b.SimpleBrokerMessageHandler     : Starting...
2024-12-24T18:06:05.275+07:00  INFO 10244 --- [main] o.s.m.s.b.SimpleBrokerMessageHandler     : BrokerAvailabilityEvent[available=true, SimpleBrokerMessageHandler [org.springframework.messaging.simp.broker.DefaultSubscriptionRegistry@5722b830]]
2024-12-24T18:06:05.276+07:00  INFO 10244 --- [main] o.s.m.s.b.SimpleBrokerMessageHandler     : Started.
2024-12-24T18:06:05.285+07:00  INFO 10244 --- [main] com.example.demo.DemoApplication         : Started DemoApplication in 9.594 seconds (process running for 10.322)
2024-12-24T18:06:29.049+07:00  INFO 10244 --- [http-nio-8080-exec-1] o.a.c.c.C.[Tomcat].[localhost].[/]       : Initializing Spring DispatcherServlet 'dispatcherServlet'
2024-12-24T18:06:29.050+07:00  INFO 10244 --- [http-nio-8080-exec-1] o.s.web.servlet.DispatcherServlet        : Initializing Servlet 'dispatcherServlet'
2024-12-24T18:06:29.051+07:00  INFO 10244 --- [http-nio-8080-exec-1] o.s.web.servlet.DispatcherServlet        : Completed initialization in 1 ms
2024-12-24T18:07:05.269+07:00  INFO 10244 --- [MessageBroker-1] o.s.w.s.c.WebSocketMessageBrokerStats    : WebSocketSession[0 current WS(0)-HttpStream(0)-HttpPoll(0), 0 total, 0 closed abnormally (0 connect failure, 0 send limit, 0 transport error)], stompSubProtocol[processed CONNECT(0)-CONNECTED(0)-DISCONNECT(0)], stompBrokerRelay[null], inboundChannel[pool size = 0, active threads = 0, queued tasks = 0, completed tasks = 0], outboundChannel[pool size = 0, active threads = 0, queued tasks = 0, completed tasks = 0], sockJsScheduler[pool size = 1, active threads = 1, queued tasks = 0, completed tasks = 0]
2024-12-24T18:10:36.241+07:00  INFO 10244 --- [SpringApplicationShutdownHook] o.s.m.s.b.SimpleBrokerMessageHandler     : Stopping...
2024-12-24T18:10:36.248+07:00  INFO 10244 --- [SpringApplicationShutdownHook] o.s.m.s.b.SimpleBrokerMessageHandler     : BrokerAvailabilityEvent[available=false, SimpleBrokerMessageHandler [org.springframework.messaging.simp.broker.DefaultSubscriptionRegistry@5722b830]]
2024-12-24T18:10:36.249+07:00  INFO 10244 --- [SpringApplicationShutdownHook] o.s.m.s.b.SimpleBrokerMessageHandler     : Stopped.
2024-12-24T18:10:36.395+07:00  INFO 10244 --- [SpringApplicationShutdownHook] j.LocalContainerEntityManagerFactoryBean : Closing JPA EntityManagerFactory for persistence unit 'default'
2024-12-24T18:10:36.521+07:00  INFO 10244 --- [SpringApplicationShutdownHook] com.zaxxer.hikari.HikariDataSource       : HikariPool-1 - Shutdown initiated...
2024-12-24T18:10:36.846+07:00  INFO 10244 --- [SpringApplicationShutdownHook] com.zaxxer.hikari.HikariDataSource       : HikariPool-1 - Shutdown completed.
2024-12-24T18:10:41.849+07:00  INFO 23724 --- [main] com.example.demo.DemoApplication         : Starting DemoApplication using Java 23 with PID 23724 (D:\DACN\Dreamcatcher\DreamCatchers\BE\target\classes started by sheam in D:\DACN\Dreamcatcher\DreamCatchers\BE)
2024-12-24T18:10:41.851+07:00 DEBUG 23724 --- [main] com.example.demo.DemoApplication         : Running with Spring Boot v3.2.3, Spring v6.1.4
2024-12-24T18:10:41.853+07:00  INFO 23724 --- [main] com.example.demo.DemoApplication         : No active profile set, falling back to 1 default profile: "default"
2024-12-24T18:10:43.055+07:00  INFO 23724 --- [main] .s.d.r.c.RepositoryConfigurationDelegate : Bootstrapping Spring Data JPA repositories in DEFAULT mode.
2024-12-24T18:10:43.228+07:00  INFO 23724 --- [main] .s.d.r.c.RepositoryConfigurationDelegate : Finished Spring Data repository scanning in 163 ms. Found 32 JPA repository interfaces.
2024-12-24T18:10:43.780+07:00  WARN 23724 --- [main] trationDelegate$BeanPostProcessorChecker : Bean 'methodSecurityConfig' of type [com.example.demo.config.MethodSecurityConfig$$SpringCGLIB$$0] is not eligible for getting processed by all BeanPostProcessors (for example: not eligible for auto-proxying). Is this bean getting eagerly injected into a currently created BeanPostProcessor [projectingArgumentResolverBeanPostProcessor]? Check the corresponding BeanPostProcessor declaration and its dependencies.
2024-12-24T18:10:44.211+07:00  INFO 23724 --- [main] o.s.b.w.embedded.tomcat.TomcatWebServer  : Tomcat initialized with port 8080 (http)
2024-12-24T18:10:44.228+07:00  INFO 23724 --- [main] o.apache.catalina.core.StandardService   : Starting service [Tomcat]
2024-12-24T18:10:44.229+07:00  INFO 23724 --- [main] o.apache.catalina.core.StandardEngine    : Starting Servlet engine: [Apache Tomcat/10.1.19]
2024-12-24T18:10:44.314+07:00  INFO 23724 --- [main] o.a.c.c.C.[Tomcat].[localhost].[/]       : Initializing Spring embedded WebApplicationContext
2024-12-24T18:10:44.315+07:00  INFO 23724 --- [main] w.s.c.ServletWebServerApplicationContext : Root WebApplicationContext: initialization completed in 2395 ms
2024-12-24T18:10:44.553+07:00  INFO 23724 --- [main] o.hibernate.jpa.internal.util.LogHelper  : HHH000204: Processing PersistenceUnitInfo [name: default]
2024-12-24T18:10:44.636+07:00  INFO 23724 --- [main] org.hibernate.Version                    : HHH000412: Hibernate ORM core version 6.4.4.Final
2024-12-24T18:10:44.679+07:00  INFO 23724 --- [main] o.h.c.internal.RegionFactoryInitiator    : HHH000026: Second-level cache disabled
2024-12-24T18:10:45.012+07:00  INFO 23724 --- [main] o.s.o.j.p.SpringPersistenceUnitInfo      : No LoadTimeWeaver setup: ignoring JPA class transformer
2024-12-24T18:10:45.049+07:00  INFO 23724 --- [main] com.zaxxer.hikari.HikariDataSource       : HikariPool-1 - Starting...
2024-12-24T18:10:45.563+07:00  INFO 23724 --- [main] com.zaxxer.hikari.pool.HikariPool        : HikariPool-1 - Added connection com.mysql.cj.jdbc.ConnectionImpl@11015ca0
2024-12-24T18:10:45.565+07:00  INFO 23724 --- [main] com.zaxxer.hikari.HikariDataSource       : HikariPool-1 - Start completed.
2024-12-24T18:10:45.616+07:00  WARN 23724 --- [main] org.hibernate.orm.deprecation            : HHH90000025: MySQL8Dialect does not need to be specified explicitly using 'hibernate.dialect' (remove the property setting and it will be selected by default)
2024-12-24T18:10:45.617+07:00  WARN 23724 --- [main] org.hibernate.orm.deprecation            : HHH90000026: MySQL8Dialect has been deprecated; use org.hibernate.dialect.MySQLDialect instead
2024-12-24T18:10:47.247+07:00  INFO 23724 --- [main] o.h.e.t.j.p.i.JtaPlatformInitiator       : HHH000489: No JTA platform available (set 'hibernate.transaction.jta.platform' to enable JTA platform integration)
2024-12-24T18:10:47.586+07:00  INFO 23724 --- [main] j.LocalContainerEntityManagerFactoryBean : Initialized JPA EntityManagerFactory for persistence unit 'default'
2024-12-24T18:10:47.981+07:00  INFO 23724 --- [main] o.s.d.j.r.query.QueryEnhancerFactory     : Hibernate is in classpath; If applicable, HQL parser will be used.
2024-12-24T18:10:48.588+07:00 DEBUG 23724 --- [main] com.example.demo.jwt.JwtFilter           : Filter 'jwtFilter' configured for use
2024-12-24T18:10:50.228+07:00  INFO 23724 --- [main] c.e.demo.service.SpeechToTextService     : SpeechClient initialized with provided credentials.
2024-12-24T18:10:50.346+07:00  WARN 23724 --- [main] JpaBaseConfiguration$JpaWebConfiguration : spring.jpa.open-in-view is enabled by default. Therefore, database queries may be performed during view rendering. Explicitly configure spring.jpa.open-in-view to disable this warning
2024-12-24T18:10:50.682+07:00  INFO 23724 --- [main] o.s.s.web.DefaultSecurityFilterChain     : Will secure any request with [org.springframework.security.web.session.DisableEncodeUrlFilter@2b080464, org.springframework.security.web.context.request.async.WebAsyncManagerIntegrationFilter@2a0de98e, org.springframework.security.web.context.SecurityContextHolderFilter@68f00d90, org.springframework.security.web.header.HeaderWriterFilter@2aae170c, org.springframework.web.filter.CorsFilter@79c29761, org.springframework.security.web.authentication.logout.LogoutFilter@57901cc1, com.example.demo.jwt.JwtFilter@17294e82, org.springframework.security.web.savedrequest.RequestCacheAwareFilter@2505b770, org.springframework.security.web.servletapi.SecurityContextHolderAwareRequestFilter@395272b8, org.springframework.security.web.authentication.AnonymousAuthenticationFilter@39f5f24, org.springframework.security.web.session.SessionManagementFilter@19781ca8, org.springframework.security.web.access.ExceptionTranslationFilter@41e8b043, org.springframework.security.web.access.intercept.AuthorizationFilter@1fa3c4f7]
2024-12-24T18:10:51.040+07:00  INFO 23724 --- [main] o.s.b.w.embedded.tomcat.TomcatWebServer  : Tomcat started on port 8080 (http) with context path ''
2024-12-24T18:10:51.043+07:00  INFO 23724 --- [main] o.s.m.s.b.SimpleBrokerMessageHandler     : Starting...
2024-12-24T18:10:51.044+07:00  INFO 23724 --- [main] o.s.m.s.b.SimpleBrokerMessageHandler     : BrokerAvailabilityEvent[available=true, SimpleBrokerMessageHandler [org.springframework.messaging.simp.broker.DefaultSubscriptionRegistry@2ec5b8]]
2024-12-24T18:10:51.045+07:00  INFO 23724 --- [main] o.s.m.s.b.SimpleBrokerMessageHandler     : Started.
2024-12-24T18:10:51.052+07:00  INFO 23724 --- [main] com.example.demo.DemoApplication         : Started DemoApplication in 9.748 seconds (process running for 10.393)
2024-12-24T18:11:18.043+07:00  INFO 23724 --- [http-nio-8080-exec-1] o.a.c.c.C.[Tomcat].[localhost].[/]       : Initializing Spring DispatcherServlet 'dispatcherServlet'
2024-12-24T18:11:18.060+07:00  INFO 23724 --- [http-nio-8080-exec-1] o.s.web.servlet.DispatcherServlet        : Initializing Servlet 'dispatcherServlet'
2024-12-24T18:11:18.219+07:00  INFO 23724 --- [http-nio-8080-exec-1] o.s.web.servlet.DispatcherServlet        : Completed initialization in 156 ms
2024-12-24T18:11:51.131+07:00  INFO 23724 --- [MessageBroker-1] o.s.w.s.c.WebSocketMessageBrokerStats    : WebSocketSession[0 current WS(0)-HttpStream(0)-HttpPoll(0), 0 total, 0 closed abnormally (0 connect failure, 0 send limit, 0 transport error)], stompSubProtocol[processed CONNECT(0)-CONNECTED(0)-DISCONNECT(0)], stompBrokerRelay[null], inboundChannel[pool size = 0, active threads = 0, queued tasks = 0, completed tasks = 0], outboundChannel[pool size = 0, active threads = 0, queued tasks = 0, completed tasks = 0], sockJsScheduler[pool size = 1, active threads = 1, queued tasks = 0, completed tasks = 0]
2024-12-24T18:41:51.345+07:00  INFO 23724 --- [MessageBroker-1] o.s.w.s.c.WebSocketMessageBrokerStats    : WebSocketSession[0 current WS(0)-HttpStream(0)-HttpPoll(0), 0 total, 0 closed abnormally (0 connect failure, 0 send limit, 0 transport error)], stompSubProtocol[processed CONNECT(0)-CONNECTED(0)-DISCONNECT(0)], stompBrokerRelay[null], inboundChannel[pool size = 0, active threads = 0, queued tasks = 0, completed tasks = 0], outboundChannel[pool size = 0, active threads = 0, queued tasks = 0, completed tasks = 0], sockJsScheduler[pool size = 2, active threads = 1, queued tasks = 0, completed tasks = 1]
2024-12-24T19:11:51.519+07:00  INFO 23724 --- [MessageBroker-2] o.s.w.s.c.WebSocketMessageBrokerStats    : WebSocketSession[0 current WS(0)-HttpStream(0)-HttpPoll(0), 0 total, 0 closed abnormally (0 connect failure, 0 send limit, 0 transport error)], stompSubProtocol[processed CONNECT(0)-CONNECTED(0)-DISCONNECT(0)], stompBrokerRelay[null], inboundChannel[pool size = 0, active threads = 0, queued tasks = 0, completed tasks = 0], outboundChannel[pool size = 0, active threads = 0, queued tasks = 0, completed tasks = 0], sockJsScheduler[pool size = 3, active threads = 1, queued tasks = 0, completed tasks = 2]
2024-12-24T19:41:51.574+07:00  INFO 23724 --- [MessageBroker-1] o.s.w.s.c.WebSocketMessageBrokerStats    : WebSocketSession[0 current WS(0)-HttpStream(0)-HttpPoll(0), 0 total, 0 closed abnormally (0 connect failure, 0 send limit, 0 transport error)], stompSubProtocol[processed CONNECT(0)-CONNECTED(0)-DISCONNECT(0)], stompBrokerRelay[null], inboundChannel[pool size = 0, active threads = 0, queued tasks = 0, completed tasks = 0], outboundChannel[pool size = 0, active threads = 0, queued tasks = 0, completed tasks = 0], sockJsScheduler[pool size = 4, active threads = 1, queued tasks = 0, completed tasks = 3]
2024-12-24T19:51:29.098+07:00  INFO 23724 --- [SpringApplicationShutdownHook] o.s.m.s.b.SimpleBrokerMessageHandler     : Stopping...
2024-12-24T19:51:29.145+07:00  INFO 23724 --- [SpringApplicationShutdownHook] o.s.m.s.b.SimpleBrokerMessageHandler     : BrokerAvailabilityEvent[available=false, SimpleBrokerMessageHandler [org.springframework.messaging.simp.broker.DefaultSubscriptionRegistry@2ec5b8]]
2024-12-24T19:51:29.150+07:00  INFO 23724 --- [SpringApplicationShutdownHook] o.s.m.s.b.SimpleBrokerMessageHandler     : Stopped.
2024-12-24T19:51:29.593+07:00  INFO 23724 --- [SpringApplicationShutdownHook] j.LocalContainerEntityManagerFactoryBean : Closing JPA EntityManagerFactory for persistence unit 'default'
2024-12-24T19:51:29.873+07:00  INFO 23724 --- [SpringApplicationShutdownHook] com.zaxxer.hikari.HikariDataSource       : HikariPool-1 - Shutdown initiated...
2024-12-24T19:51:30.220+07:00  INFO 23724 --- [SpringApplicationShutdownHook] com.zaxxer.hikari.HikariDataSource       : HikariPool-1 - Shutdown completed.
2024-12-24T20:17:51.325+07:00  INFO 5340 --- [main] com.example.demo.DemoApplication         : Starting DemoApplication using Java 23 with PID 5340 (D:\DACN\Dreamcatcher\DreamCatchers\BE\target\classes started by sheam in D:\DACN\Dreamcatcher\DreamCatchers\BE)
2024-12-24T20:17:51.327+07:00 DEBUG 5340 --- [main] com.example.demo.DemoApplication         : Running with Spring Boot v3.2.3, Spring v6.1.4
2024-12-24T20:17:51.328+07:00  INFO 5340 --- [main] com.example.demo.DemoApplication         : No active profile set, falling back to 1 default profile: "default"
2024-12-24T20:17:52.532+07:00  INFO 5340 --- [main] .s.d.r.c.RepositoryConfigurationDelegate : Bootstrapping Spring Data JPA repositories in DEFAULT mode.
2024-12-24T20:17:52.699+07:00  INFO 5340 --- [main] .s.d.r.c.RepositoryConfigurationDelegate : Finished Spring Data repository scanning in 157 ms. Found 32 JPA repository interfaces.
2024-12-24T20:17:53.274+07:00  WARN 5340 --- [main] trationDelegate$BeanPostProcessorChecker : Bean 'methodSecurityConfig' of type [com.example.demo.config.MethodSecurityConfig$$SpringCGLIB$$0] is not eligible for getting processed by all BeanPostProcessors (for example: not eligible for auto-proxying). Is this bean getting eagerly injected into a currently created BeanPostProcessor [projectingArgumentResolverBeanPostProcessor]? Check the corresponding BeanPostProcessor declaration and its dependencies.
2024-12-24T20:17:53.805+07:00  INFO 5340 --- [main] o.s.b.w.embedded.tomcat.TomcatWebServer  : Tomcat initialized with port 8080 (http)
2024-12-24T20:17:53.826+07:00  INFO 5340 --- [main] o.apache.catalina.core.StandardService   : Starting service [Tomcat]
2024-12-24T20:17:53.827+07:00  INFO 5340 --- [main] o.apache.catalina.core.StandardEngine    : Starting Servlet engine: [Apache Tomcat/10.1.19]
2024-12-24T20:17:53.935+07:00  INFO 5340 --- [main] o.a.c.c.C.[Tomcat].[localhost].[/]       : Initializing Spring embedded WebApplicationContext
2024-12-24T20:17:53.937+07:00  INFO 5340 --- [main] w.s.c.ServletWebServerApplicationContext : Root WebApplicationContext: initialization completed in 2541 ms
2024-12-24T20:17:54.257+07:00  INFO 5340 --- [main] o.hibernate.jpa.internal.util.LogHelper  : HHH000204: Processing PersistenceUnitInfo [name: default]
2024-12-24T20:17:54.366+07:00  INFO 5340 --- [main] org.hibernate.Version                    : HHH000412: Hibernate ORM core version 6.4.4.Final
2024-12-24T20:17:54.425+07:00  INFO 5340 --- [main] o.h.c.internal.RegionFactoryInitiator    : HHH000026: Second-level cache disabled
2024-12-24T20:17:56.011+07:00  INFO 5340 --- [main] o.s.o.j.p.SpringPersistenceUnitInfo      : No LoadTimeWeaver setup: ignoring JPA class transformer
2024-12-24T20:17:56.065+07:00  INFO 5340 --- [main] com.zaxxer.hikari.HikariDataSource       : HikariPool-1 - Starting...
2024-12-24T20:17:56.765+07:00  INFO 5340 --- [main] com.zaxxer.hikari.pool.HikariPool        : HikariPool-1 - Added connection com.mysql.cj.jdbc.ConnectionImpl@70c31b17
2024-12-24T20:17:56.767+07:00  INFO 5340 --- [main] com.zaxxer.hikari.HikariDataSource       : HikariPool-1 - Start completed.
2024-12-24T20:17:56.862+07:00  WARN 5340 --- [main] org.hibernate.orm.deprecation            : HHH90000025: MySQL8Dialect does not need to be specified explicitly using 'hibernate.dialect' (remove the property setting and it will be selected by default)
2024-12-24T20:17:56.864+07:00  WARN 5340 --- [main] org.hibernate.orm.deprecation            : HHH90000026: MySQL8Dialect has been deprecated; use org.hibernate.dialect.MySQLDialect instead
2024-12-24T20:17:58.606+07:00  INFO 5340 --- [main] o.h.e.t.j.p.i.JtaPlatformInitiator       : HHH000489: No JTA platform available (set 'hibernate.transaction.jta.platform' to enable JTA platform integration)
2024-12-24T20:17:59.124+07:00  INFO 5340 --- [main] j.LocalContainerEntityManagerFactoryBean : Initialized JPA EntityManagerFactory for persistence unit 'default'
2024-12-24T20:17:59.607+07:00  INFO 5340 --- [main] o.s.d.j.r.query.QueryEnhancerFactory     : Hibernate is in classpath; If applicable, HQL parser will be used.
2024-12-24T20:18:02.025+07:00 DEBUG 5340 --- [main] com.example.demo.jwt.JwtFilter           : Filter 'jwtFilter' configured for use
2024-12-24T20:18:04.463+07:00  INFO 5340 --- [main] c.e.demo.service.SpeechToTextService     : SpeechClient initialized with provided credentials.
2024-12-24T20:18:04.647+07:00  WARN 5340 --- [main] JpaBaseConfiguration$JpaWebConfiguration : spring.jpa.open-in-view is enabled by default. Therefore, database queries may be performed during view rendering. Explicitly configure spring.jpa.open-in-view to disable this warning
2024-12-24T20:18:05.123+07:00  INFO 5340 --- [main] o.s.s.web.DefaultSecurityFilterChain     : Will secure any request with [org.springframework.security.web.session.DisableEncodeUrlFilter@6263089d, org.springframework.security.web.context.request.async.WebAsyncManagerIntegrationFilter@2b080464, org.springframework.security.web.context.SecurityContextHolderFilter@5c181a62, org.springframework.security.web.header.HeaderWriterFilter@3f08b915, org.springframework.web.filter.CorsFilter@2a0de98e, org.springframework.security.web.authentication.logout.LogoutFilter@3f5337ec, com.example.demo.jwt.JwtFilter@58a7226e, org.springframework.security.web.savedrequest.RequestCacheAwareFilter@31b4d17a, org.springframework.security.web.servletapi.SecurityContextHolderAwareRequestFilter@2505b770, org.springframework.security.web.authentication.AnonymousAuthenticationFilter@79c29761, org.springframework.security.web.session.SessionManagementFilter@5a1dc831, org.springframework.security.web.access.ExceptionTranslationFilter@641ff891, org.springframework.security.web.access.intercept.AuthorizationFilter@59721a17]
2024-12-24T20:18:05.608+07:00  INFO 5340 --- [main] o.s.b.w.embedded.tomcat.TomcatWebServer  : Tomcat started on port 8080 (http) with context path ''
2024-12-24T20:18:05.612+07:00  INFO 5340 --- [main] o.s.m.s.b.SimpleBrokerMessageHandler     : Starting...
2024-12-24T20:18:05.613+07:00  INFO 5340 --- [main] o.s.m.s.b.SimpleBrokerMessageHandler     : BrokerAvailabilityEvent[available=true, SimpleBrokerMessageHandler [org.springframework.messaging.simp.broker.DefaultSubscriptionRegistry@15b4bf9e]]
2024-12-24T20:18:05.614+07:00  INFO 5340 --- [main] o.s.m.s.b.SimpleBrokerMessageHandler     : Started.
2024-12-24T20:18:05.622+07:00  INFO 5340 --- [main] com.example.demo.DemoApplication         : Started DemoApplication in 14.872 seconds (process running for 16.048)
2024-12-24T20:19:06.489+07:00  INFO 5340 --- [MessageBroker-1] o.s.w.s.c.WebSocketMessageBrokerStats    : WebSocketSession[0 current WS(0)-HttpStream(0)-HttpPoll(0), 0 total, 0 closed abnormally (0 connect failure, 0 send limit, 0 transport error)], stompSubProtocol[processed CONNECT(0)-CONNECTED(0)-DISCONNECT(0)], stompBrokerRelay[null], inboundChannel[pool size = 0, active threads = 0, queued tasks = 0, completed tasks = 0], outboundChannel[pool size = 0, active threads = 0, queued tasks = 0, completed tasks = 0], sockJsScheduler[pool size = 1, active threads = 1, queued tasks = 0, completed tasks = 0]
2024-12-24T20:37:06.116+07:00  INFO 5340 --- [SpringApplicationShutdownHook] o.s.m.s.b.SimpleBrokerMessageHandler     : Stopping...
2024-12-24T20:37:06.146+07:00  INFO 5340 --- [SpringApplicationShutdownHook] o.s.m.s.b.SimpleBrokerMessageHandler     : BrokerAvailabilityEvent[available=false, SimpleBrokerMessageHandler [org.springframework.messaging.simp.broker.DefaultSubscriptionRegistry@15b4bf9e]]
2024-12-24T20:37:06.146+07:00  INFO 5340 --- [SpringApplicationShutdownHook] o.s.m.s.b.SimpleBrokerMessageHandler     : Stopped.
2024-12-24T20:37:06.416+07:00  INFO 5340 --- [SpringApplicationShutdownHook] j.LocalContainerEntityManagerFactoryBean : Closing JPA EntityManagerFactory for persistence unit 'default'
2024-12-24T20:37:06.564+07:00  INFO 5340 --- [SpringApplicationShutdownHook] com.zaxxer.hikari.HikariDataSource       : HikariPool-1 - Shutdown initiated...
2024-12-24T20:37:06.742+07:00  INFO 5340 --- [SpringApplicationShutdownHook] com.zaxxer.hikari.HikariDataSource       : HikariPool-1 - Shutdown completed.
